13
15
2
0
13
15
2
0
13
15
2
0
13
15
2
0
13
15
2
0
Pasos: 6, Torre final: [1, 0, 0, 0, 0, 0, 0]
Pasos: 1, Torre final: [32, 11, 7, 4, 2, 2, 0, 0, 0, 0, 0, 0, 0, 0, 0, 0, 0, 0, 0, 0]
Pasos: 536, Torre final: [4, 4, 4, 4, 4, 4, 4, 4, 4, 4, 4, 4, 4, 3, 3, 3, 3, 3]
Pasos: 2, Torre final: [37, 37, 14, 7, 7, 7, 2, 1, 1, 0, 0, 0, 0, 0, 0, 0, 0, 0, 0, 0, 0, 0, 0]
Pasos: 857, Torre final: [6, 6, 6, 6, 6, 6, 6, 6, 5, 5, 5, 5, 5, 5, 5, 5, 5, 5, 5, 5]
Pasos: 3, Torre final: [3, 3, 3, 2]
Pasos: 1, Torre final: [2, 1, 1, 1]
Pasos: 6, Torre final: [1, 0, 0, 0, 0, 0, 0]
Pasos: 1, Torre final: [32, 11, 7, 4, 2, 2, 0, 0, 0, 0, 0, 0, 0, 0, 0, 0, 0, 0, 0, 0]
Pasos: 536, Torre final: [4, 4, 4, 4, 4, 4, 4, 4, 4, 4, 4, 4, 4, 3, 3, 3, 3, 3]
Pasos: 2, Torre final: [37, 37, 14, 7, 7, 7, 2, 1, 1, 0, 0, 0, 0, 0, 0, 0, 0, 0, 0, 0, 0, 0, 0]
Pasos: 857, Torre final: [6, 6, 6, 6, 6, 6, 6, 6, 5, 5, 5, 5, 5, 5, 5, 5, 5, 5, 5, 5]
Pasos: 3, Torre final: [3, 3, 3, 2]
Pasos: 1, Torre final: [2, 1, 1, 1]
Pasos: 6, Torre final: [1, 0, 0, 0, 0, 0, 0]
Pasos: 1, Torre final: [32, 11, 7, 4, 2, 2, 0, 0, 0, 0, 0, 0, 0, 0, 0, 0, 0, 0, 0, 0]
Pasos: 536, Torre final: [4, 4, 4, 4, 4, 4, 4, 4, 4, 4, 4, 4, 4, 3, 3, 3, 3, 3]
Pasos: 2, Torre final: [37, 37, 14, 7, 7, 7, 2, 1, 1, 0, 0, 0, 0, 0, 0, 0, 0, 0, 0, 0, 0, 0, 0]
Pasos: 857, Torre final: [6, 6, 6, 6, 6, 6, 6, 6, 5, 5, 5, 5, 5, 5, 5, 5, 5, 5, 5, 5]
Pasos: 3, Torre final: [3, 3, 3, 2]
Pasos: 1, Torre final: [2, 1, 1, 1]
Pasos: 6, Torre final: [1, 0, 0, 0, 0, 0, 0]
Pasos: 1, Torre final: [32, 11, 7, 4, 2, 2, 0, 0, 0, 0, 0, 0, 0, 0, 0, 0, 0, 0, 0, 0]
Pasos: 536, Torre final: [4, 4, 4, 4, 4, 4, 4, 4, 4, 4, 4, 4, 4, 3, 3, 3, 3, 3]
Pasos: 2, Torre final: [37, 37, 14, 7, 7, 7, 2, 1, 1, 0, 0, 0, 0, 0, 0, 0, 0, 0, 0, 0, 0, 0, 0]
Pasos: 857, Torre final: [6, 6, 6, 6, 6, 6, 6, 6, 5, 5, 5, 5, 5, 5, 5, 5, 5, 5, 5, 5]
Pasos: 3, Torre final: [3, 3, 3, 2]
Pasos: 1, Torre final: [2, 1, 1, 1]
Pasos: 6, Torre final: [1, 0, 0, 0, 0, 0, 0]
Pasos: 1, Torre final: [32, 11, 7, 4, 2, 2, 0, 0, 0, 0, 0, 0, 0, 0, 0, 0, 0, 0, 0, 0]
Pasos: 536, Torre final: [4, 4, 4, 4, 4, 4, 4, 4, 4, 4, 4, 4, 4, 3, 3, 3, 3, 3]
Pasos: 2, Torre final: [37, 37, 14, 7, 7, 7, 2, 1, 1, 0, 0, 0, 0, 0, 0, 0, 0, 0, 0, 0, 0, 0, 0]
Pasos: 857, Torre final: [6, 6, 6, 6, 6, 6, 6, 6, 5, 5, 5, 5, 5, 5, 5, 5, 5, 5, 5, 5]
Pasos: 3, Torre final: [3, 3, 3, 2]
Pasos: 1, Torre final: [2, 1, 1, 1]
Pasos: 6, Torre final: [1, 0, 0, 0, 0, 0, 0]
Pasos: 1, Torre final: [32, 11, 7, 4, 2, 2, 0, 0, 0, 0, 0, 0, 0, 0, 0, 0, 0, 0, 0, 0]
Pasos: 536, Torre final: [4, 4, 4, 4, 4, 4, 4, 4, 4, 4, 4, 4, 4, 3, 3, 3, 3, 3]
Pasos: 2, Torre final: [37, 37, 14, 7, 7, 7, 2, 1, 1, 0, 0, 0, 0, 0, 0, 0, 0, 0, 0, 0, 0, 0, 0]
Pasos: 857, Torre final: [6, 6, 6, 6, 6, 6, 6, 6, 5, 5, 5, 5, 5, 5, 5, 5, 5, 5, 5, 5]
Pasos: 3, Torre final: [3, 3, 3, 2]
Pasos: 1, Torre final: [2, 1, 1, 1]
